/home/shenli/Dropbox/SECON2013/data/coor.txt, 5000000
44, 598, 0.40079000000000065, 0.40050999999999704: 3.908620000000139E-5
45, 624, 0.40070999999999657, 0.4005200000000002: 3.9499000000025854E-5
46, 634, 0.4006299999999996, 0.4005300000000034: 3.991320000001524E-5
47, 648, 0.4005500000000026, 0.4005300000000034: 4.0313200000000094E-5
48, 671, 0.40046999999999855, 0.40054000000000656: 4.076240000003607E-5
49, 690, 0.4003799999999984, 0.4005499999999955: 4.1261499999982596E-5
50, 712, 0.40030000000000143, 0.4005300000000034: 4.166409999996705E-5
51, 723, 0.4002100000000013, 0.4005200000000002: 4.2118199999969025E-5
52, 760, 0.40012000000000114, 0.40050999999999704: 4.257399999997159E-5
53, 775, 0.40005000000000024, 0.4004599999999954: 4.2966099999977674E-5
54, 789, 0.3999600000000001, 0.4004900000000049: 4.341819999997909E-5
55, 811, 0.39990000000000236, 0.40050999999999704: 4.3721399999966496E-5
56, 827, 0.39983000000000146, 0.4005200000000002: 4.4074499999971987E-5
57, 848, 0.39976999999999663, 0.4005300000000034: 4.4379199999997645E-5
59, 879, 0.3997499999999974, 0.40046999999999855: 4.449049999999499E-5
61, 922, 0.39979999999999905, 0.4004199999999969: 4.4618600000017496E-5
62, 949, 0.39979999999999905, 0.4004199999999969: 4.4618600000017496E-5
65, 1001, 0.399790000000003, 0.40046999999999855: 4.4618600000017496E-5
67, 1057, 0.3997799999999998, 0.4004900000000049: 4.4618600000017496E-5
68, 1076, 0.3997799999999998, 0.40049999999999386: 4.4618600000017496E-5
69, 1108, 0.3997799999999998, 0.40050999999999704: 4.4618600000017496E-5
70, 1132, 0.3997799999999998, 0.4005200000000002: 4.4618600000017496E-5
71, 1153, 0.3997799999999998, 0.4005200000000002: 4.4618600000017496E-5
72, 1168, 0.3997799999999998, 0.4005300000000034: 4.4618600000017496E-5
73, 1185, 0.3997799999999998, 0.40054000000000656: 4.4624600000019387E-5
74, 1196, 0.3997799999999998, 0.40054000000000656: 4.4624600000019387E-5
75, 1229, 0.3997799999999998, 0.4005499999999955: 4.463060000001275E-5
76, 1251, 0.3997799999999998, 0.4005499999999955: 4.463060000001275E-5
77, 1266, 0.3997799999999998, 0.4005499999999955: 4.463060000001275E-5
78, 1283, 0.399790000000003, 0.4005499999999955: 4.463060000001275E-5
79, 1307, 0.399790000000003, 0.4005599999999987: 4.468060000002862E-5
80, 1333, 0.399790000000003, 0.4005599999999987: 4.468060000002862E-5
81, 1356, 0.399790000000003, 0.4005599999999987: 4.468060000002862E-5
83, 1392, 0.39979999999999905, 0.4005599999999987: 4.468070000002862E-5
84, 1415, 0.39979999999999905, 0.4005599999999987: 4.468070000002862E-5
85, 1433, 0.39979999999999905, 0.4005599999999987: 4.468070000002862E-5
86, 1448, 0.39979999999999905, 0.4005599999999987: 4.468070000002862E-5
87, 1468, 0.3998100000000022, 0.4005599999999987: 4.468080000002868E-5
88, 1487, 0.3998100000000022, 0.4005599999999987: 4.468080000002868E-5
89, 1506, 0.3998100000000022, 0.4005599999999987: 4.468080000002868E-5
90, 1542, 0.3998100000000022, 0.4005599999999987: 4.468080000002868E-5
91, 1566, 0.3998100000000022, 0.4005499999999955: 4.468080000002868E-5
92, 1602, 0.3998100000000022, 0.4005499999999955: 4.468080000002868E-5
93, 1621, 0.3998100000000022, 0.4005499999999955: 4.468080000002868E-5
94, 1642, 0.3998100000000022, 0.4005499999999955: 4.468080000002868E-5
95, 1672, 0.3998100000000022, 0.4005499999999955: 4.468080000002868E-5
96, 1687, 0.3998100000000022, 0.4005499999999955: 4.468080000002868E-5
97, 1711, 0.3998100000000022, 0.4005499999999955: 4.468080000002868E-5
98, 1732, 0.3998100000000022, 0.4005499999999955: 4.468080000002868E-5
99, 1748, 0.3998199999999983, 0.4005499999999955: 4.468080000002868E-5
100, 1771, 0.3998100000000022, 0.4005499999999955: 4.468080000002868E-5
101, 1791, 0.3998100000000022, 0.4005499999999955: 4.468080000002868E-5
102, 1811, 0.3998100000000022, 0.40054000000000656: 4.468080000002868E-5
103, 1830, 0.3998100000000022, 0.40054000000000656: 4.468080000002868E-5
104, 1849, 0.3998100000000022, 0.40054000000000656: 4.468080000002868E-5
105, 1867, 0.3998100000000022, 0.40054000000000656: 4.468080000002868E-5
106, 1885, 0.3998100000000022, 0.40054000000000656: 4.468080000002868E-5
107, 1909, 0.3998100000000022, 0.40054000000000656: 4.468080000002868E-5
108, 1925, 0.3998100000000022, 0.40054000000000656: 4.468080000002868E-5
109, 1948, 0.3998100000000022, 0.40054000000000656: 4.468080000002868E-5
110, 1976, 0.3998100000000022, 0.40054000000000656: 4.468080000002868E-5
111, 1998, 0.3998100000000022, 0.40054000000000656: 4.468080000002868E-5
114, 2059, 0.3998100000000022, 0.40054000000000656: 4.468080000002868E-5
115, 2086, 0.3998100000000022, 0.40054000000000656: 4.468080000002868E-5
116, 2120, 0.3998100000000022, 0.40054000000000656: 4.468080000002868E-5
117, 2142, 0.3998100000000022, 0.40054000000000656: 4.468080000002868E-5
118, 2168, 0.3998100000000022, 0.40054000000000656: 4.468080000002868E-5
119, 2192, 0.3998100000000022, 0.40054000000000656: 4.468080000002868E-5
120, 2225, 0.3998100000000022, 0.40054000000000656: 4.468080000002868E-5
121, 2254, 0.3998100000000022, 0.4005300000000034: 4.468080000002868E-5
123, 2303, 0.3998100000000022, 0.4005300000000034: 4.468080000002868E-5
124, 2331, 0.39979999999999905, 0.4005300000000034: 4.468080000002868E-5
125, 2353, 0.39979999999999905, 0.40054000000000656: 4.468080000002868E-5
126, 2372, 0.39979999999999905, 0.40054000000000656: 4.468080000002868E-5
127, 2399, 0.39979999999999905, 0.40054000000000656: 4.468080000002868E-5
128, 2419, 0.39979999999999905, 0.40054000000000656: 4.468080000002868E-5
129, 2441, 0.39979999999999905, 0.40054000000000656: 4.468080000002868E-5
130, 2468, 0.39979999999999905, 0.40054000000000656: 4.468080000002868E-5
131, 2489, 0.39979999999999905, 0.40054000000000656: 4.468080000002868E-5
133, 2541, 0.3997799999999998, 0.40054000000000656: 4.468080000002868E-5
134, 2566, 0.3997499999999974, 0.40054000000000656: 4.4682300000028844E-5
135, 2617, 0.3997200000000021, 0.40054000000000656: 4.483230000000541E-5
136, 2637, 0.3996799999999965, 0.40054000000000656: 4.503230000003336E-5
138, 2679, 0.39958000000000027, 0.4005499999999955: 4.5533300000013356E-5
140, 2736, 0.3994599999999977, 0.4005499999999955: 4.613330000002617E-5
141, 2773, 0.39941000000000315, 0.4005499999999955: 4.6383299999998936E-5
142, 2800, 0.3993600000000015, 0.40054000000000656: 4.663600000000419E-5
144, 2840, 0.39927000000000135, 0.40054000000000656: 4.7086000000004916E-5
245, 5828, 0.39954999999999785, 0.4004199999999969: 6.574930000002344E-5
263, 6428, 0.5792100000000033, 0.5803200000000004: 9.074930000002238E-5
513, 17601, 0.5792300000000026, 0.5801000000000016: 1.499255000000398E-4
516, 17738, 0.5792300000000026, 0.58005: 1.5017550000004804E-4
533, 18507, 0.5791699999999977, 0.5799499999999966: 1.5077210000007715E-4
536, 18649, 0.5792300000000026, 0.5798300000000012: 1.513781000000552E-4
539, 18779, 0.5793999999999997, 0.5797799999999995: 1.5229710000005134E-4
555, 19542, 0.5797499999999971, 0.5795200000000023: 1.7581110000005807E-4
565, 19948, 0.3999999999999986, 0.40097000000000094: 1.7786300000006985E-4
603, 22146, 0.5797499999999971, 0.5795200000000023: 1.7786300000006985E-4
634, 23500, 0.39983999999999753, 0.4005999999999972: 2.299269000000619E-4
646, 24056, 0.39997000000000327, 0.40064999999999884: 2.299284000000617E-4
729, 27919, 0.3996799999999965, 0.4006899999999973: 2.549632000000622E-4
790, 30603, 0.3998599999999968, 0.4007299999999958: 2.59862600000094E-4
877, 35119, 0.40026000000000295, 0.4006700000000052: 2.7943560000009087E-4
877, 35120, 0.40026000000000295, 0.4006700000000052: 2.7943560000009087E-4
970, 39321, 0.3994199999999992, 0.4001700000000028: 3.4489910000003665E-4
992, 40357, 0.3995000000000033, 0.4000199999999978: 4.0388440000003567E-4
1037, 42365, 0.4003200000000007, 0.40072000000000685: 4.2939790000001455E-4
1130, 46480, 0.3992799999999974, 0.4000999999999948: 4.2939790000001455E-4
1222, 51097, 0.3995400000000018, 0.40077999999999747: 4.6903130000002186E-4
1252, 52436, 0.39934000000000225, 0.39925999999999817: 4.941301000000263E-4
1554, 66535, 0.3998100000000022, 0.400589999999994: 4.941301000000263E-4
1614, 69272, 0.5794599999999974, 0.5797599999999932: 5.44150300000025E-4
1797, 77598, 0.5798399999999972, 0.5791600000000017: 6.514652999999632E-4
1849, 79670, 0.5798300000000012, 0.579189999999997: 6.514709999999617E-4
1917, 82382, 0.40032999999999674, 0.4005200000000002: 9.023154999999573E-4
1950, 83616, 0.5792300000000026, 0.579970000000003: 0.0011005332000000195
2036, 87256, 0.39930999999999983, 0.3996999999999957: 0.0011606516000000641
2036, 87257, 0.39930999999999983, 0.3996999999999957: 0.0011606516000000641
2256, 96408, 0.39941000000000315, 0.3998200000000054: 0.0012533392000001096
2275, 97123, 0.579340000000002, 0.5797799999999995: 0.0012953332000001324
2355, 100799, 0.3996100000000027, 0.4007299999999958: 0.0013668645000001107
2477, 105601, 0.3992199999999997, 0.39996999999999616: 0.0017288115000000774
2514, 106962, 0.39961999999999875, 0.4007299999999958: 0.0020467688000000684
2807, 118401, 0.3996100000000027, 0.4004199999999969: 0.002180728100000019
2989, 126043, 0.5797000000000025, 0.5794199999999989: 0.0027377873999999552
3000, 126571, 0.5795699999999968, 0.579669999999993: 0.00286895190000017
3020, 127401, 0.3995299999999986, 0.4009499999999946: 0.003175537100000048
3062, 129173, 0.5794700000000006, 0.5797199999999947: 0.003175541600000048
3068, 129408, 0.5792000000000002, 0.5797699999999963: 0.00317555480000005
3071, 129537, 0.5791200000000032, 0.5799200000000013: 0.0031755672000000484
3109, 131298, 0.3993899999999968, 0.40076000000000533: 0.0032693545000001935
3241, 137294, 0.39934000000000225, 0.39977000000000373: 0.003462500300000124
3937, 165128, 0.5792599999999979, 0.5805399999999992: 0.003645590700000055
4031, 169257, 0.40008000000000266, 0.4004500000000064: 0.0038467652000000914
4136, 174184, 0.40003999999999706, 0.40072000000000685: 0.004072111700000097
4242, 178599, 0.39934000000000225, 0.40031999999999357: 0.004262721600000128
4402, 185428, 0.399320000000003, 0.4002499999999998: 0.004451731600000003
4407, 185620, 0.3999600000000001, 0.4007100000000037: 0.004625355500000018
4629, 194036, 0.5792700000000011, 0.579970000000003: 0.004936301300000104
4652, 195337, 0.39936999999999756, 0.39983999999999753: 0.005164763199999956
5139, 214389, 0.40008000000000266, 0.40040000000000475: 0.005397207899999946
5151, 214812, 0.39941000000000315, 0.4005200000000002: 0.005566505899999946
5280, 220375, 0.3993499999999983, 0.3994200000000063: 0.005934611999999892
5352, 223302, 0.399639999999998, 0.40058000000000504: 0.006159196199999907
5382, 224413, 0.3996100000000027, 0.4005999999999972: 0.006268289499999888
5412, 225587, 0.3995999999999995, 0.400589999999994: 0.006306859599999802
5519, 229713, 0.3993899999999968, 0.3999199999999945: 0.006423308299999751
5569, 231475, 0.39976999999999663, 0.40057000000000187: 0.006846927999999758
5876, 243607, 0.3993299999999991, 0.3993499999999983: 0.00694825009999982
5993, 248135, 0.39929999999999666, 0.39945000000000164: 0.007297878599999751
6008, 248759, 0.5799400000000006, 0.580299999999994: 0.007446040499999834
6011, 248855, 0.3993899999999968, 0.3991900000000044: 0.007653908599999711
6035, 249757, 0.3997200000000021, 0.4007299999999958: 0.008110884299999744
6063, 250800, 0.39927000000000135, 0.40046999999999855: 0.008279664899999662
6191, 255786, 0.399560000000001, 0.39982999999999436: 0.008454562399999704
6692, 274374, 0.4006299999999996, 0.4006300000000067: 0.008733898799999723
6807, 278423, 0.39958000000000027, 0.40097000000000094: 0.009260504799999804
6903, 281570, 0.39952000000000254, 0.4009400000000056: 0.009475351199999763
7060, 288435, 0.3997200000000021, 0.40076000000000533: 0.009865009899999723
7213, 295008, 0.39930999999999983, 0.4003500000000031: 0.010023031999999708
7338, 300524, 0.3992900000000006, 0.40058000000000504: 0.010028053899999707
7385, 302219, 0.3997799999999998, 0.40076000000000533: 0.010354978999999787
7666, 313047, 0.3994199999999992, 0.3998200000000054: 0.010518487699999832
7666, 313048, 0.3994199999999992, 0.3998200000000054: 0.010518487699999832
7926, 323463, 0.39938000000000073, 0.39987000000000705: 0.010961847399999775
8017, 326928, 0.3999499999999969, 0.4005599999999987: 0.011115395899999778
8175, 332468, 0.5795099999999991, 0.5797900000000027: 0.011503325999999692
8451, 343294, 0.3993499999999983, 0.39923000000000286: 0.011766636699999715
8463, 343744, 0.3994599999999977, 0.3997099999999989: 0.012055036899999684
8482, 344452, 0.5791400000000024, 0.5802300000000002: 0.012754050899999621
8602, 348594, 0.3992500000000021, 0.40036999999999523: 0.012956220299999705
8744, 354274, 0.3998500000000007, 0.4005200000000002: 0.012975824399999725
8757, 354781, 0.3993499999999983, 0.40043000000000006: 0.01304729609999975
8842, 358287, 0.40010999999999797, 0.4005599999999987: 0.013355277699999784
8847, 358488, 0.40010999999999797, 0.4005499999999955: 0.013355277699999784
8913, 361225, 0.399320000000003, 0.3999199999999945: 0.013637224599999782
8967, 363477, 0.3996100000000027, 0.40089000000000397: 0.013653356999999755
9174, 372070, 0.39923000000000286, 0.4000699999999995: 0.014066485699999742
9177, 372151, 0.39923000000000286, 0.40014999999999645: 0.01423522839999972
9223, 373737, 0.4005900000000011, 0.40075000000000216: 0.01459206749999957
9231, 374017, 0.4000600000000034, 0.40064999999999884: 0.014712645099999594
9250, 374745, 0.39936999999999756, 0.4005200000000002: 0.01477376349999953
9255, 374933, 0.3995000000000033, 0.40067999999999415: 0.014818731999999515
9259, 375044, 0.3995999999999995, 0.40075000000000216: 0.014854844699999583
9277, 375627, 0.3999299999999977, 0.40082999999999913: 0.014861235899999572
9450, 383484, 0.4002100000000013, 0.40049999999999386: 0.0152681151999995
9933, 403891, 0.39943999999999846, 0.4001700000000028: 0.015273921999999494
11037, 449628, 0.5791699999999977, 0.5799999999999983: 0.01530430809999951
11044, 449900, 0.5795999999999992, 0.5797799999999995: 0.015305624399999503
11047, 450025, 0.5797200000000018, 0.5795300000000054: 0.015305624399999503
11069, 450975, 0.5798300000000012, 0.5789900000000046: 0.01566760529999941
11329, 461071, 0.3991400000000027, 0.4003399999999999: 0.015869798299999575
11556, 470347, 0.3995000000000033, 0.4000999999999948: 0.016087065199999574
11680, 475511, 0.5792100000000033, 0.5801299999999969: 0.01609567319999953
11962, 486401, 0.3992099999999965, 0.400180000000006: 0.016669110499999477
12258, 498468, 0.4001299999999972, 0.4007000000000005: 0.016981531199999452
12377, 503257, 0.5798300000000012, 0.5793500000000051: 0.017044759899999467
12389, 503737, 0.5797000000000025, 0.5796500000000009: 0.017044759899999467
12444, 505935, 0.5795999999999992, 0.5797299999999979: 0.017044759899999467
12452, 506280, 0.5791699999999977, 0.5798499999999933: 0.017044761999999467
12455, 506388, 0.5791299999999993, 0.58005: 0.01704476199999947
13052, 530688, 0.3994, 0.3997200000000021: 0.01714973179999939
13052, 530689, 0.3994, 0.3997200000000021: 0.01714973179999939
13087, 532273, 0.3992099999999965, 0.40026000000000295: 0.017706303899999474
13251, 538633, 0.39923000000000286, 0.3996999999999957: 0.017980247799999537
13508, 549033, 0.4007000000000005, 0.4005999999999972: 0.01816034859999962
13517, 549384, 0.39930999999999983, 0.40067999999999415: 0.018273465299999715
13683, 556107, 0.39959000000000344, 0.39933999999999514: 0.018637013499999657
14149, 574005, 0.5797499999999971, 0.5796200000000056: 0.018666836399999675
14154, 574180, 0.39954999999999785, 0.3995699999999971: 0.01876402289999976
14329, 581279, 0.3993600000000015, 0.3997800000000069: 0.018862408799999755
14349, 582002, 0.3992500000000021, 0.4001700000000028: 0.019124632899999675
14419, 584672, 0.5798599999999965, 0.5792500000000018: 0.01936702969999959
14594, 592051, 0.3993600000000015, 0.3997499999999974: 0.0195344655999996
14613, 592720, 0.5792399999999986, 0.5803499999999957: 0.019802211999999694
14693, 595719, 0.3995000000000033, 0.4009099999999961: 0.020160829499999765
14761, 598760, 0.3994900000000001, 0.4009099999999961: 0.02016984869999974
14816, 601338, 0.5797200000000018, 0.5793800000000005: 0.020699147299999807
14817, 601407, 0.3995699999999971, 0.4004800000000017: 0.020838106399999817
14860, 603049, 0.39925999999999817, 0.3998600000000039: 0.021080818999999886
14886, 603965, 0.5795999999999992, 0.5796500000000009: 0.021111976599999735
14889, 604097, 0.579500000000003, 0.5797199999999947: 0.021111976599999735
14944, 606185, 0.39961999999999875, 0.4004099999999937: 0.021291476299999754
15147, 614368, 0.5791299999999993, 0.5800799999999953: 0.02145284069999973
15183, 616003, 0.5795299999999983, 0.5798699999999997: 0.021476065499999707
15187, 616193, 0.5797499999999971, 0.5797500000000042: 0.021476065499999707
15286, 620415, 0.3994700000000009, 0.4005499999999955: 0.02165060919999969
15386, 624940, 0.4002499999999998, 0.4007699999999943: 0.02178383309999987
15461, 628205, 0.3993600000000015, 0.3997099999999989: 0.021981947399999792
15539, 631624, 0.39943999999999846, 0.40032999999999674: 0.02212081289999988
15798, 642120, 0.4005300000000034, 0.4006700000000052: 0.022265964599999855
16018, 651499, 0.3993899999999968, 0.400739999999999: 0.02271584279999987
16024, 651762, 0.39947999999999695, 0.40009000000000583: 0.02283559079999987
16028, 651932, 0.3994599999999977, 0.39955000000000496: 0.022956079999999913
16029, 651948, 0.3993299999999991, 0.4005300000000034: 0.02316282599999983
16174, 657438, 0.39958000000000027, 0.40046999999999855: 0.023186617199999763
16382, 665725, 0.5791800000000009, 0.5797699999999963: 0.023581253399999693
16385, 665824, 0.5793200000000027, 0.5797299999999979: 0.023934770999999633
16390, 666050, 0.5797200000000018, 0.5796500000000009: 0.02401825379999968
16394, 666218, 0.5799200000000013, 0.5791799999999938: 0.02403673029999969
16437, 667963, 0.39983999999999753, 0.4004199999999969: 0.024186500999999756
16473, 669403, 0.399320000000003, 0.3993600000000015: 0.024429168099999857
16503, 670653, 0.39938000000000073, 0.4004500000000064: 0.024444153999999867
16611, 675724, 0.5792599999999979, 0.5804700000000054: 0.02459842119999983
16695, 679365, 0.5792199999999994, 0.5802300000000002: 0.024849094299999933
16926, 689134, 0.39938000000000073, 0.40046999999999855: 0.025083690099999945
16931, 689336, 0.39936999999999756, 0.399950000000004: 0.025185309499999836
17137, 698089, 0.3993299999999991, 0.4006899999999973: 0.025314856099999842
17141, 698189, 0.39952000000000254, 0.4006700000000052: 0.02553897939999984
17251, 702200, 0.3993299999999991, 0.40032999999999674: 0.025616913599999753
17344, 705900, 0.39941000000000315, 0.4002399999999966: 0.025679855999999727
17493, 711777, 0.3992900000000006, 0.39982999999999436: 0.02588683669999969
17545, 713838, 0.579979999999999, 0.5789099999999934: 0.026129642599999732
17600, 716315, 0.4007000000000005, 0.4005300000000034: 0.026193829099999826
17670, 719035, 0.39941000000000315, 0.40004999999999313: 0.026242670299999757
17691, 719846, 0.39979999999999905, 0.4004099999999937: 0.026397520699999805
17691, 719847, 0.39979999999999905, 0.4004099999999937: 0.026397520699999805
17883, 727646, 0.39930999999999983, 0.39955000000000496: 0.026696185899999777
17907, 728693, 0.399320000000003, 0.4003399999999999: 0.026863577499999736
17939, 730036, 0.5797200000000018, 0.5796899999999994: 0.027017753699999737
17942, 730194, 0.399320000000003, 0.4002799999999951: 0.027070375999999764
18087, 736238, 0.39929999999999666, 0.39945000000000164: 0.027271979499999884
18153, 738901, 0.3998199999999983, 0.400739999999999: 0.027401803999999842
18214, 741418, 0.3994, 0.40046999999999855: 0.027401803999999842
18264, 743293, 0.400030000000001, 0.4007299999999958: 0.0276763836999999
18494, 753353, 0.39941000000000315, 0.4002499999999998: 0.027702224699999976
19167, 783365, 0.3996799999999965, 0.4009199999999993: 0.027897875100000035
19462, 795455, 0.3994, 0.39930999999999983: 0.02800171500000009
20188, 827307, 0.3994599999999977, 0.40000999999999465: 0.028165392000000036
20325, 833824, 0.3992799999999974, 0.39937000000000467: 0.028274910600000043
20745, 853102, 0.3993899999999968, 0.39958000000000027: 0.028542733500000115
20836, 857057, 0.39938000000000073, 0.4002700000000061: 0.028776304000000186
20858, 858050, 0.5792300000000026, 0.5801000000000016: 0.029048315600000155
21008, 865355, 0.40057000000000187, 0.4005300000000034: 0.02910509560000016
21106, 869753, 0.40075999999999823, 0.40046999999999855: 0.029228728200000113
21143, 871366, 0.3994, 0.4003900000000016: 0.029703347400000142
21200, 874432, 0.39929999999999666, 0.39991000000000554: 0.029800257000000132
21211, 874923, 0.3993899999999968, 0.4003100000000046: 0.030390289200000104
21271, 877691, 0.39934000000000225, 0.3997800000000069: 0.030572235000000027
21639, 894888, 0.5798300000000012, 0.579189999999997: 0.03087111190000014
21994, 911521, 0.39934000000000225, 0.400180000000006: 0.031151801700000075
22188, 920586, 0.399320000000003, 0.40026000000000295: 0.031206567700000035
22285, 924950, 0.5798300000000012, 0.5794199999999989: 0.031414643100000146
22438, 931790, 0.39938000000000073, 0.4000199999999978: 0.03159990630000016
22450, 932305, 0.40061000000000035, 0.40050999999999704: 0.03175742210000015
22463, 932747, 0.39936999999999756, 0.3996000000000066: 0.03180160060000017
22498, 934233, 0.39930999999999983, 0.3993499999999983: 0.03221927840000018
22600, 938486, 0.39938000000000073, 0.3998500000000007: 0.03245193340000018
22773, 946101, 0.39936999999999756, 0.40064999999999884: 0.03245193340000018
22845, 948808, 0.39912999999999954, 0.4002799999999951: 0.032851714400000114
22848, 948938, 0.399169999999998, 0.4003799999999984: 0.032988263900000155
22851, 949077, 0.39929999999999666, 0.4005200000000002: 0.03306531690000016
22855, 949246, 0.3994300000000024, 0.4005999999999972: 0.033072082800000166
22856, 949278, 0.5792599999999979, 0.5798800000000028: 0.03324362120000013
22937, 953093, 0.39961999999999875, 0.4007699999999943: 0.033255032500000115
22940, 953237, 0.39965000000000117, 0.4007699999999943: 0.03327064650000017
23249, 968055, 0.3993299999999991, 0.40014999999999645: 0.0335181601000001
23273, 969171, 0.39961999999999875, 0.4007100000000037: 0.03361808470000011
23368, 973561, 0.39934000000000225, 0.39983999999999753: 0.03371782210000016
23429, 976340, 0.3993499999999983, 0.4002299999999934: 0.03374622250000025
23502, 980177, 0.3997799999999998, 0.4007000000000005: 0.034100211800000176
23512, 980606, 0.40030000000000143, 0.400660000000002: 0.034142463900000246
23525, 981158, 0.3999200000000016, 0.40072000000000685: 0.03415834410000016
23528, 981283, 0.39990000000000236, 0.4007699999999943: 0.03416064760000016
23539, 981774, 0.39997999999999934, 0.40075000000000216: 0.0341648211000002
23542, 981924, 0.39997000000000327, 0.4007299999999958: 0.03419498680000019
23549, 982191, 0.3997200000000021, 0.400739999999999: 0.03420050950000019
23645, 986551, 0.39970000000000283, 0.4005300000000034: 0.0345479675
23725, 990219, 0.39958000000000027, 0.4007299999999958: 0.03462010229999999
23728, 990371, 0.39970000000000283, 0.40067999999999415: 0.034720852400000016
23948, 1001433, 0.5795499999999976, 0.579740000000001: 0.03478904750000003
24060, 1006504, 0.399320000000003, 0.39982999999999436: 0.03492245880000012
24415, 1022403, 0.5792399999999986, 0.5801500000000033: 0.03496637550000011
24561, 1029101, 0.3992799999999974, 0.4002299999999934: 0.03523414520000015
24695, 1035848, 0.5793000000000035, 0.5800100000000015: 0.03565321290000022
24853, 1042858, 0.4003500000000031, 0.4007100000000037: 0.0357422970000002
24899, 1044965, 0.39930999999999983, 0.4001399999999933: 0.03590508980000009
24928, 1046335, 0.3994199999999992, 0.4001399999999933: 0.03615769410000014
24942, 1047018, 0.5798800000000028, 0.5791700000000048: 0.036303452500000104
24942, 1047019, 0.5798800000000028, 0.5791700000000048: 0.03632548300000012
25209, 1057885, 0.39938000000000073, 0.4002799999999951: 0.03652166880000003
25283, 1061300, 0.39930999999999983, 0.39945000000000164: 0.03671983150000029
25377, 1064900, 0.399320000000003, 0.40009000000000583: 0.03693289780000031
25431, 1067032, 0.39938000000000073, 0.4000599999999963: 0.03696691090000041
25492, 1069399, 0.39963000000000193, 0.4007000000000005: 0.03731387210000045
25530, 1071452, 0.40037000000000234, 0.400739999999999: 0.0375792474000004
25589, 1074015, 0.39947999999999695, 0.4007000000000005: 0.037685953000000535
25755, 1081246, 0.5797900000000027, 0.5794400000000053: 0.037927704700000564
25829, 1085007, 0.5794100000000029, 0.5798400000000044: 0.037927704700000564
25829, 1085008, 0.5794100000000029, 0.5798400000000044: 0.037927704700000564
26082, 1096312, 0.3994300000000024, 0.3995000000000033: 0.03803393080000065
26291, 1105871, 0.3996799999999965, 0.4004500000000064: 0.03816288390000065
26294, 1105996, 0.39961999999999875, 0.40036999999999523: 0.03818313640000068
26312, 1106737, 0.39958000000000027, 0.39919999999999334: 0.03818869400000068
26914, 1132229, 0.5794599999999974, 0.5799899999999951: 0.03823395010000069
27019, 1136790, 0.39929999999999666, 0.39977000000000373: 0.038375989100000646
27043, 1137669, 0.39929999999999666, 0.39977000000000373: 0.03842290250000065
27044, 1137685, 0.39927000000000135, 0.3998899999999992: 0.03856654270000064
27240, 1145022, 0.5797000000000025, 0.5797299999999979: 0.03872814700000061
27268, 1146452, 0.40044000000000324, 0.400589999999994: 0.03887767470000061
27268, 1146453, 0.40044000000000324, 0.400589999999994: 0.039021611300000654
27396, 1151266, 0.3999499999999969, 0.40061000000000035: 0.03913134180000075
27524, 1156294, 0.39929999999999666, 0.4002799999999951: 0.03928207580000068
27543, 1157040, 0.39930999999999983, 0.3998100000000022: 0.03939287790000071
27573, 1158299, 0.3993499999999983, 0.3997800000000069: 0.03945046120000072
27757, 1165076, 0.5796100000000024, 0.5798000000000059: 0.03957467190000052
28001, 1175372, 0.39941000000000315, 0.3999900000000025: 0.03967794110000055
28250, 1185864, 0.3994900000000001, 0.4005200000000002: 0.04013798920000063
28298, 1187666, 0.3994199999999992, 0.39951999999999543: 0.040167752500000584
28327, 1188763, 0.39936999999999756, 0.40014999999999645: 0.04040271640000068
28375, 1190736, 0.39929999999999666, 0.40049999999999386: 0.04058718420000072
28555, 1198053, 0.3998100000000022, 0.40044000000000324: 0.040609803400000734
28712, 1203778, 0.39950999999999937, 0.40089999999999293: 0.040807932100000666
28712, 1203779, 0.39950999999999937, 0.40089999999999293: 0.040868057700000536
28936, 1213465, 0.4001999999999981, 0.40046999999999855: 0.040960824400000546
29297, 1229197, 0.39912000000000347, 0.4001999999999981: 0.0411191113000005
29297, 1229198, 0.39912000000000347, 0.4001999999999981: 0.04113456970000057
29363, 1232136, 0.4001000000000019, 0.4009499999999946: 0.041422936200000565
29636, 1243451, 0.39929999999999666, 0.40050999999999704: 0.0416170622000006
29667, 1244678, 0.4005500000000026, 0.4004900000000049: 0.04194290640000066
29945, 1255556, 0.4003900000000016, 0.4004500000000064: 0.04208057260000064
30113, 1262313, 0.40019000000000204, 0.40050999999999704: 0.04224572810000053
30194, 1265768, 0.39990000000000236, 0.400660000000002: 0.04239026210000055
30372, 1272325, 0.3992500000000021, 0.4003799999999984: 0.04244992450000051
30818, 1288600, 0.4001400000000004, 0.40050999999999704: 0.042619662500000585
30976, 1294394, 0.399169999999998, 0.3997800000000069: 0.042694568000000606
31378, 1310591, 0.39936999999999756, 0.39973000000000525: 0.042883652000000626
31415, 1311903, 0.40064000000000277, 0.40050999999999704: 0.042978541100000565
31443, 1313104, 0.39952000000000254, 0.3990699999999947: 0.04297990010000057
31697, 1323378, 0.3995699999999971, 0.4005599999999987: 0.04309775990000046
31839, 1328988, 0.39930999999999983, 0.39978999999999587: 0.04314740850000055
31865, 1329961, 0.39934000000000225, 0.40000999999999465: 0.04322727070000056
31945, 1333473, 0.40057999999999794, 0.400589999999994: 0.043373578400000605
32206, 1343305, 0.3994700000000009, 0.4008699999999976: 0.04339995140000057
32233, 1344166, 0.3999200000000016, 0.4007299999999958: 0.043455035300000645
32324, 1347154, 0.4000600000000034, 0.40089000000000397: 0.04354134810000061
32334, 1347471, 0.39976999999999663, 0.4001599999999996: 0.043644924600000606
32354, 1348215, 0.4000600000000034, 0.40089000000000397: 0.043662115700000614
32384, 1349332, 0.400030000000001, 0.3994900000000001: 0.04366664810000062
32693, 1361324, 0.39938000000000073, 0.4001700000000028: 0.043699498500000655
32736, 1362948, 0.5794100000000029, 0.5798300000000012: 0.04396092760000063
32875, 1368573, 0.39936999999999756, 0.4004800000000017: 0.04400579280000062
32884, 1368913, 0.39979999999999905, 0.399950000000004: 0.044201953400000556
33090, 1377453, 0.39961999999999875, 0.40057000000000187: 0.04426151600000056
33132, 1378957, 0.39947999999999695, 0.400810000000007: 0.04460414560000048
33459, 1391791, 0.39961999999999875, 0.40077999999999747: 0.044769763700000416
33462, 1391881, 0.39976999999999663, 0.4007299999999958: 0.04486298730000044
33463, 1391926, 0.3996100000000027, 0.3994600000000048: 0.04501343700000056
33829, 1406325, 0.5791800000000009, 0.5802000000000049: 0.04556296640000046
34013, 1413847, 0.5793800000000005, 0.5805699999999945: 0.045656022800000515
34021, 1414173, 0.399320000000003, 0.3998899999999992: 0.04613931910000066
34024, 1414306, 0.3992799999999974, 0.39937999999999363: 0.046256643200000516
34990, 1450749, 0.39943999999999846, 0.399879999999996: 0.046256693900000534
35192, 1458051, 0.3993499999999983, 0.4001300000000043: 0.04637175550000057
35535, 1471034, 0.39930999999999983, 0.3996800000000036: 0.0464926589000005
35582, 1472693, 0.399320000000003, 0.39990000000000236: 0.04683933820000072
35636, 1474620, 0.3995699999999971, 0.3990699999999947: 0.04690387700000058
35953, 1484641, 0.39930999999999983, 0.4005300000000034: 0.04742223890000043
36238, 1494420, 0.39945000000000164, 0.4006700000000052: 0.04754448680000055
36396, 1500560, 0.39934000000000225, 0.40004999999999313: 0.047578279200000545
36842, 1516147, 0.40057999999999794, 0.40072000000000685: 0.04761189000000067
36998, 1521846, 0.3994, 0.39983999999999753: 0.04765104810000069
37111, 1525782, 0.39929999999999666, 0.3995299999999986: 0.04773605900000076
37114, 1525883, 0.39934000000000225, 0.4001700000000028: 0.047830023400000726
37318, 1532097, 0.39947999999999695, 0.3991900000000044: 0.047978970300000645
37423, 1535624, 0.39947999999999695, 0.4004900000000049: 0.048094250500000615
37633, 1542896, 0.3992799999999974, 0.3996099999999956: 0.04813810100000057
38114, 1559950, 0.3994900000000001, 0.4009099999999961: 0.04838039090000042
38216, 1563033, 0.39936999999999756, 0.40026000000000295: 0.04846741050000043
38376, 1568435, 0.5793800000000005, 0.5798400000000044: 0.0485215966000004
38620, 1575829, 0.5792399999999986, 0.5802699999999987: 0.048644325800000665
38719, 1578816, 0.39929999999999666, 0.4004800000000017: 0.04867949030000067
38985, 1587727, 0.579819999999998, 0.5789299999999997: 0.04870676910000074
39746, 1612885, 0.40061000000000035, 0.400810000000007: 0.048799733500000775
39833, 1615730, 0.39925999999999817, 0.40018999999999494: 0.04892722880000071
40021, 1621305, 0.3993299999999991, 0.40012000000000114: 0.04909587470000075
40021, 1621306, 0.3993299999999991, 0.40012000000000114: 0.04910654620000071
40025, 1621624, 0.39929999999999666, 0.40062000000000353: 0.049463574600000615
40025, 1621625, 0.39929999999999666, 0.40062000000000353: 0.04950804850000057
40076, 1623577, 0.3993499999999983, 0.3992800000000045: 0.04964273200000037
40147, 1626009, 0.5792900000000003, 0.5802400000000034: 0.04985296810000041
40343, 1633093, 0.39927000000000135, 0.4001300000000043: 0.04993110190000044
40492, 1637749, 0.39927000000000135, 0.4001599999999996: 0.05025305340000058
40620, 1641686, 0.39925999999999817, 0.4005599999999987: 0.05030768670000055
40641, 1642308, 0.3996799999999965, 0.40076000000000533: 0.050337134900000385
41403, 1666724, 0.399320000000003, 0.40012000000000114: 0.050501406100000285
41610, 1674248, 0.3993600000000015, 0.4002399999999966: 0.05084033660000033
41753, 1678979, 0.39925999999999817, 0.4000999999999948: 0.05118009220000021
41766, 1679776, 0.39927000000000135, 0.39969000000000676: 0.05132119430000025
41766, 1679777, 0.39927000000000135, 0.39969000000000676: 0.05132119430000025
41992, 1686908, 0.5791699999999977, 0.5800399999999968: 0.0514258136000002
42008, 1687283, 0.39936999999999756, 0.4007299999999958: 0.05155285540000008
42120, 1690559, 0.5792000000000002, 0.579970000000003: 0.05163058570000015
42854, 1714101, 0.39927000000000135, 0.39987000000000705: 0.05182614930000011
42859, 1714224, 0.3992799999999974, 0.39997999999999934: 0.05189510010000001
42868, 1714533, 0.5796800000000033, 0.5797500000000042: 0.05199390720000005
42871, 1714619, 0.579819999999998, 0.5795200000000023: 0.05217282779999993
43577, 1737425, 0.3993299999999991, 0.3997499999999974: 0.05218889409999991
43698, 1741154, 0.39965999999999724, 0.40077999999999747: 0.052219226499999924
43845, 1745412, 0.39923000000000286, 0.4002799999999951: 0.05228196610000001
43868, 1746015, 0.3993499999999983, 0.39937999999999363: 0.05230426179999992
44305, 1757624, 0.4008099999999999, 0.4004599999999954: 0.05244506159999973
44310, 1757728, 0.4005500000000026, 0.4004800000000017: 0.052646593199999855
44315, 1757854, 0.40003999999999706, 0.4005200000000002: 0.052714310199999934
44320, 1758004, 0.39965000000000117, 0.4005200000000002: 0.05273436709999997
44325, 1758129, 0.39958000000000027, 0.40067999999999415: 0.052760097800000016
44330, 1758262, 0.3999200000000016, 0.4007000000000005: 0.05278123709999995
44335, 1758329, 0.4004899999999978, 0.4006899999999973: 0.05278123709999995
44344, 1758650, 0.579340000000002, 0.5801299999999969: 0.05294864589999998
44395, 1760477, 0.40064000000000277, 0.40046999999999855: 0.05294864589999998
44400, 1760643, 0.40021999999999736, 0.40049999999999386: 0.05294864589999998
44405, 1760814, 0.3997799999999998, 0.4004800000000017: 0.05294864589999998
44410, 1760934, 0.3995400000000018, 0.4004500000000064: 0.05294864589999998
44415, 1761083, 0.3994300000000024, 0.4003399999999999: 0.05294864589999998
44420, 1761229, 0.3994, 0.39987000000000705: 0.05294864589999998
44652, 1767744, 0.3994700000000009, 0.40072000000000685: 0.053031026799999964
45035, 1778368, 0.39954999999999785, 0.40022000000000446: 0.05317044449999998
45089, 1779830, 0.3995699999999971, 0.40049999999999386: 0.05320270599999999
45097, 1779990, 0.39979999999999905, 0.4008800000000008: 0.05320602289999993
45103, 1780156, 0.40030000000000143, 0.4009199999999993: 0.05321006799999997
45169, 1781968, 0.39927000000000135, 0.39990000000000236: 0.05342679929999995
46814, 1802379, 0.39934000000000225, 0.4002700000000061: 0.0537216636
47158, 1811759, 0.39936999999999756, 0.4003500000000031: 0.05378893139999996
47187, 1812460, 0.3994700000000009, 0.40026000000000295: 0.05386400900000002
47466, 1819698, 0.399320000000003, 0.400180000000006: 0.05390547340000003
48176, 1839088, 0.3992900000000006, 0.3994: 0.054453517199999926
48176, 1839089, 0.3992900000000006, 0.3994: 0.05449373759999991
49418, 1872208, 0.399320000000003, 0.40030000000000143: 0.05454308379999952
50814, 1904390, 0.39938000000000073, 0.3993300000000062: 0.05457912079999944
51434, 1916469, 0.5791800000000009, 0.58005: 0.05477261589999953
51531, 1918018, 0.5793299999999988, 0.579819999999998: 0.0547743920999995
51537, 1918123, 0.5797700000000034, 0.5795700000000039: 0.054793132799999505
51639, 1920101, 0.5801200000000009, 0.5793699999999973: 0.055107511699999494
51662, 1920511, 0.399320000000003, 0.40022000000000446: 0.05535707489999937
51747, 1922154, 0.5791800000000009, 0.5800799999999953: 0.05547869819999954
54091, 1972114, 0.5799000000000021, 0.5796500000000009: 0.055523305499999516
54304, 1977005, 0.39938000000000073, 0.4003799999999984: 0.055577044599999605
54736, 1986565, 0.39929999999999666, 0.4002499999999998: 0.055673630499999634
54824, 1988546, 0.3992500000000021, 0.400180000000006: 0.055743376699999674
54841, 1988879, 0.39929999999999666, 0.40032999999999674: 0.05575176759999969
54844, 1988952, 0.39938000000000073, 0.4002799999999951: 0.055756306799999704
57197, 2042951, 0.39936999999999756, 0.4002100000000013: 0.05584365219999982
58276, 2066903, 0.3992199999999997, 0.40018999999999494: 0.05616149309999983
59650, 2095443, 0.39929999999999666, 0.4003799999999984: 0.056375081499999806
60449, 2112738, 0.399320000000003, 0.3997499999999974: 0.05661768709999984
60919, 2123135, 0.3993899999999968, 0.40064999999999884: 0.05690047099999973
62242, 2150754, 0.5792700000000011, 0.5799499999999966: 0.05707979949999973
62880, 2164164, 0.3993299999999991, 0.40063999999999567: 0.057229758699999744
63633, 2181304, 0.579349999999998, 0.5798400000000044: 0.05766865119999968
64240, 2192446, 0.5791400000000024, 0.5800899999999984: 0.05801829329999958
65455, 2214785, 0.3992199999999997, 0.4001300000000043: 0.05807810469999956
65701, 2219796, 0.3994300000000024, 0.39937000000000467: 0.0581307106999994
65812, 2222063, 0.39916000000000196, 0.4002799999999951: 0.058228570999999306
65932, 2224493, 0.3999299999999977, 0.4007100000000037: 0.05826267809999928
65975, 2225249, 0.5791699999999977, 0.5799999999999983: 0.05863969979999934
66085, 2227338, 0.5791499999999985, 0.5802800000000019: 0.058778148799999395
66525, 2235982, 0.5793299999999988, 0.579819999999998: 0.058921246799999445
67096, 2248146, 0.3993499999999983, 0.40036999999999523: 0.0589961634999995
67608, 2259409, 0.5792599999999979, 0.5803400000000067: 0.05920049399999939
68215, 2266548, 0.5792700000000011, 0.580299999999994: 0.05933433519999934
68321, 2268874, 0.3994599999999977, 0.4006899999999973: 0.05944010729999926
68323, 2268936, 0.5792300000000026, 0.5800600000000031: 0.05949069289999955
68848, 2274412, 0.5792700000000011, 0.5803800000000052: 0.05967090329999952
68914, 2275934, 0.5796899999999994, 0.5796100000000024: 0.060057528699999585
68985, 2277522, 0.5793800000000005, 0.5802900000000051: 0.06016203889999962
69224, 2283458, 0.4001999999999981, 0.4007100000000037: 0.06035609449999968
69280, 2284745, 0.39979999999999905, 0.400739999999999: 0.0604284937999998
69355, 2286738, 0.5793999999999997, 0.5792200000000065: 0.06096924519999984
69529, 2290732, 0.3994, 0.40058000000000504: 0.06099572749999978
69757, 2296230, 0.3993600000000015, 0.40036999999999523: 0.06131579819999975
70498, 2313559, 0.3996799999999965, 0.4007299999999958: 0.06134422579999976
70554, 2314783, 0.39936999999999756, 0.4003100000000046: 0.06150455319999974
70937, 2324629, 0.5794300000000021, 0.5798300000000012: 0.06157797789999979
70946, 2324883, 0.5791299999999993, 0.5798300000000012: 0.06158243509999973
71134, 2330144, 0.3993499999999983, 0.4001999999999981: 0.061622191099999724
71415, 2337728, 0.39927000000000135, 0.4003500000000031: 0.061690972199999666
71509, 2339906, 0.5791699999999977, 0.5800600000000031: 0.06178917869999995
71604, 2342168, 0.5792199999999994, 0.5802400000000034: 0.06181550939999982
71654, 2343809, 0.5792000000000002, 0.5801600000000064: 0.06181686029999975
71724, 2345518, 0.5791699999999977, 0.5802800000000019: 0.0618345058999998
71753, 2346334, 0.399320000000003, 0.399950000000004: 0.06184689699999977
71821, 2348062, 0.39936999999999756, 0.4000000000000057: 0.06184706049999978
71830, 2348231, 0.39954999999999785, 0.4005999999999972: 0.06184867739999975
71834, 2348334, 0.39979999999999905, 0.4007699999999943: 0.061848713899999706
71855, 2348691, 0.5792700000000011, 0.5804799999999943: 0.06190642319999971
72056, 2355219, 0.39938000000000073, 0.39973000000000525: 0.06213440439999976
72096, 2356404, 0.3995999999999995, 0.4008699999999976: 0.062184276999999635
72224, 2360759, 0.5796100000000024, 0.5796899999999994: 0.06223148569999973
72349, 2364850, 0.40003999999999706, 0.40054000000000656: 0.06255643729999971
72361, 2365208, 0.4000199999999978, 0.40054000000000656: 0.06260762769999964
